# JRE version: Java(TM) SE Runtime Environment (20.0.2+9) (build 20.0.2+9-78)
# Java VM: Java HotSpot(TM) 64-Bit Server VM (20.0.2+9-78, mixed mode, sharing, tiered, compressed oops, compressed class ptrs, g1 gc, windows-amd64)
GC Precious Log:
 CardTable entry size: 512
 Card Set container configuration: InlinePtr #cards 5 size 8 Array Of Cards #cards 12 size 40 Howl #buckets 4 coarsen threshold 1843 Howl Bitmap #cards 512 size 80 coarsen threshold 460 Card regions per heap region 1 cards per card region 2048
 CPUs: 2 total, 2 available
 Memory: 1879M
 Large Page Support: Disabled
 NUMA Support: Disabled
 Compressed Oops: Enabled (32-bit)
 Heap Region Size: 1M
 Heap Min Capacity: 8M
 Heap Initial Capacity: 30M
 Heap Max Capacity: 470M
 Pre-touch: Disabled
 Parallel Workers: 2
 Concurrent Workers: 1
 Concurrent Refinement Workers: 2
 Periodic GC: Disabled
Heap:
 garbage-first heap   total 30720K, used 13512K [0x00000000e2a00000, 0x0000000100000000)
  region size 1024K, 10 young (10240K), 2 survivors (2048K)
 Metaspace       used 14209K, committed 14464K, reserved 1114112K
  class space    used 1550K, committed 1664K, reserved 1048576K
GC Heap History (6 events):
Event: 3.176 GC heap before
{Heap before GC invocations=0 (full 0):
 garbage-first heap   total 30720K, used 5120K [0x00000000e2a00000, 0x0000000100000000)
  region size 1024K, 6 young (6144K), 0 survivors (0K)
 Metaspace       used 6315K, committed 6464K, reserved 1114112K
  class space    used 728K, committed 832K, reserved 1048576K
}
Event: 3.186 GC heap after
{Heap after GC invocations=1 (full 0):
 garbage-first heap   total 30720K, used 2608K [0x00000000e2a00000, 0x0000000100000000)
  region size 1024K, 1 young (1024K), 1 survivors (1024K)
 Metaspace       used 6315K, committed 6464K, reserved 1114112K
  class space    used 728K, committed 832K, reserved 1048576K
}
Event: 5.933 GC heap before
{Heap before GC invocations=1 (full 0):
 garbage-first heap   total 30720K, used 10800K [0x00000000e2a00000, 0x0000000100000000)
  region size 1024K, 6 young (6144K), 1 survivors (1024K)
 Metaspace       used 8655K, committed 8832K, reserved 1114112K
  class space    used 1005K, committed 1088K, reserved 1048576K
}
Event: 5.941 GC heap after
{Heap after GC invocations=2 (full 0):
 garbage-first heap   total 30720K, used 6512K [0x00000000e2a00000, 0x0000000100000000)
  region size 1024K, 1 young (1024K), 1 survivors (1024K)
 Metaspace       used 8655K, committed 8832K, reserved 1114112K
  class space    used 1005K, committed 1088K, reserved 1048576K
}
Event: 57.474 GC heap before
{Heap before GC invocations=2 (full 0):
 garbage-first heap   total 30720K, used 14704K [0x00000000e2a00000, 0x0000000100000000)
  region size 1024K, 10 young (10240K), 1 survivors (1024K)
 Metaspace       used 10943K, committed 11200K, reserved 1114112K
  class space    used 1215K, committed 1344K, reserved 1048576K
}
Event: 57.498 GC heap after
{Heap after GC invocations=3 (full 0):
 garbage-first heap   total 30720K, used 7368K [0x00000000e2a00000, 0x0000000100000000)
  region size 1024K, 2 young (2048K), 2 survivors (2048K)
 Metaspace       used 10943K, committed 11200K, reserved 1114112K
  class space    used 1215K, committed 1344K, reserved 1048576K
}

